2017-08-01 06:01:08,669 - __main__ - INFO -  chat_id - [202439042] : message - ghbhjnmk
2017-08-01 06:51:38,985 - __main__ - INFO -  chat_id - [202439042] : message - qweqwe
2017-08-01 06:52:15,266 - __main__ - INFO -  chat_id - [202439042] : Asking is started!
2017-08-01 06:52:18,867 - __main__ - INFO -  chat_id - [202439042] : message - 3
2017-08-01 06:52:21,623 - __main__ - INFO -  chat_id - [202439042] : message - панельный
2017-08-01 06:52:27,472 - __main__ - INFO -  chat_id - [202439042] : message - 200
2017-08-01 06:52:30,976 - __main__ - INFO -  chat_id - [202439042] : message - 2010
2017-08-01 06:52:40,647 - __main__ - INFO -  chat_id - [202439042] : message - 81.1
2017-08-01 06:52:51,840 - __main__ - INFO -  chat_id - [202439042] : message - мкр. Коктем-2
2017-08-01 06:52:55,564 - __main__ - INFO -  chat_id - [202439042] : message - 8
2017-08-01 06:52:56,354 - __main__ - INFO - chat_id - [202439042] : message - finished, predicted price - 30501332
2017-08-01 06:59:15,301 - __main__ - INFO -  chat_id - [202439042] : Asking is started!
2017-08-01 06:59:19,505 - __main__ - INFO -  chat_id - [202439042] : message - 3
2017-08-01 06:59:22,004 - __main__ - INFO -  chat_id - [202439042] : message - панельный
2017-08-01 06:59:26,475 - __main__ - INFO -  chat_id - [202439042] : message - 2010
2017-08-01 06:59:30,313 - __main__ - INFO -  chat_id - [202439042] : message - 81.1
2017-08-01 06:59:40,386 - __main__ - INFO -  chat_id - [202439042] : message - мкр. Коктем-2
2017-08-01 06:59:43,182 - __main__ - INFO -  chat_id - [202439042] : message - 8
2017-08-01 06:59:43,937 - __main__ - INFO - chat_id - [202439042] : message - finished, predicted price - 30501332
2017-08-01 07:08:54,892 - __main__ - INFO -  chat_id - [202439042] : Asking is started!
2017-08-01 07:08:56,396 - __main__ - INFO -  chat_id - [202439042] : message - 3
2017-08-01 07:08:57,604 - __main__ - INFO -  chat_id - [202439042] : message - панельный
2017-08-01 07:09:00,498 - __main__ - INFO -  chat_id - [202439042] : message - 2010
2017-08-01 07:09:03,954 - __main__ - INFO -  chat_id - [202439042] : message - 81.1
2017-08-01 07:09:15,984 - __main__ - INFO -  chat_id - [202439042] : message - мкр. Коктем-2
2017-08-01 07:09:19,637 - __main__ - INFO -  chat_id - [202439042] : message - 8
2017-08-01 07:09:20,239 - __main__ - INFO - chat_id - [202439042] : message - finished, predicted price - 30501332
2017-08-01 07:17:01,114 - __main__ - INFO -  chat_id - [202439042] : message - №фыл
2017-08-01 07:17:03,729 - __main__ - INFO -  chat_id - [202439042] : Asking is started!
2017-08-01 07:17:06,202 - __main__ - INFO -  chat_id - [202439042] : message - 3
2017-08-01 07:17:08,150 - __main__ - INFO -  chat_id - [202439042] : message - кирпичный
2017-08-01 07:17:11,736 - __main__ - INFO -  chat_id - [202439042] : message - 2011
2017-08-01 07:17:15,797 - __main__ - INFO -  chat_id - [202439042] : message - 82.3
2017-08-01 07:17:21,667 - __main__ - INFO -  chat_id - [202439042] : message - мкр. Коктем-2
2017-08-01 07:17:26,168 - __main__ - INFO -  chat_id - [202439042] : message - 8
2017-08-01 07:17:26,668 - __main__ - INFO - chat_id - [202439042] : message - finished, predicted price - 27223502
2017-08-01 07:17:41,888 - __main__ - INFO -  chat_id - [202439042] : message - дорого
2017-08-01 07:28:29,210 - __main__ - INFO -  chat_id - [202439042] : Asking is started!
2017-08-01 07:28:32,058 - __main__ - INFO -  chat_id - [202439042] : message - 3
2017-08-01 07:28:33,744 - __main__ - INFO -  chat_id - [202439042] : message - панельный
2017-08-01 07:28:37,102 - __main__ - INFO -  chat_id - [202439042] : message - 2010
2017-08-01 07:28:41,046 - __main__ - INFO -  chat_id - [202439042] : message - 81.1
2017-08-01 07:28:50,114 - __main__ - INFO -  chat_id - [202439042] : message - мкр. Коктем-2
2017-08-01 07:28:52,349 - __main__ - INFO -  chat_id - [202439042] : message - 8
2017-08-01 07:28:52,900 - __main__ - INFO -  chat_id - [202439042] : message - finished, predicted price - 30501332
2017-08-01 07:29:20,533 - __main__ - INFO -  chat_id - 202439042 : message - User's feedback = нормально
2017-08-01 07:29:28,981 - __main__ - INFO -  chat_id - [202439042] : message - рнггпгнпг
2017-08-01 10:25:04,428 - __main__ - INFO - 282 -  chat_id - [202439042] : Asking is started!
2017-08-01 10:25:09,017 - __main__ - INFO - 292 -  chat_id - [202439042] : message - 4
2017-08-01 10:25:12,028 - __main__ - INFO - 292 -  chat_id - [202439042] : message - каркасно-камышитовый
2017-08-01 10:25:17,439 - __main__ - INFO - 292 -  chat_id - [202439042] : message - 2004
2017-08-01 10:25:25,103 - __main__ - INFO - 292 -  chat_id - [202439042] : message - 80.8
2017-08-01 10:25:42,711 - __main__ - INFO - 292 -  chat_id - [202439042] : message - мкр. Коктем-2
2017-08-01 10:25:47,749 - __main__ - INFO - 292 -  chat_id - [202439042] : message - 3
2017-08-01 10:25:48,481 - __main__ - INFO - 338 -  chat_id - [202439042] : message - finished, predicted price - 31393324
2017-08-01 10:26:17,168 - __main__ - INFO - 305 -  chat_id - [202439042] : message - User's feedback = дешево
2017-08-01 11:10:23,047 - __main__ - INFO - 282 -  chat_id - [289574198] : Asking is started!
2017-08-01 11:10:25,965 - __main__ - INFO - 292 -  chat_id - [289574198] : message - 3
2017-08-01 11:10:28,753 - __main__ - INFO - 292 -  chat_id - [289574198] : message - кирпичный
2017-08-01 11:10:35,973 - __main__ - INFO - 292 -  chat_id - [289574198] : message - 1986
2017-08-01 11:10:41,766 - __main__ - INFO - 292 -  chat_id - [289574198] : message - 76.6
2017-08-01 11:10:59,176 - __main__ - INFO - 292 -  chat_id - [289574198] : message - Коктем-2
2017-08-01 11:11:01,005 - __main__ - INFO - 292 -  chat_id - [289574198] : message - 2
2017-08-01 11:11:01,714 - __main__ - INFO - 338 -  chat_id - [289574198] : message - finished, predicted price - 28103435
2017-08-01 11:11:27,748 - __main__ - INFO - 305 -  chat_id - [289574198] : message - User's feedback = дешево
2017-08-01 12:12:29,426 - __main__ - INFO - 366 -  chat_id - [202439042] : message - qwewqe
2017-08-01 12:12:35,636 - __main__ - INFO - 366 -  chat_id - [202439042] : message - hrththr
2017-08-01 12:17:45,339 - __main__ - INFO - 295 -  chat_id - [202439042] : Asking is started!
2017-08-01 12:17:48,840 - __main__ - INFO - 305 -  chat_id - [202439042] : message - 3
2017-08-01 12:17:51,842 - __main__ - INFO - 305 -  chat_id - [202439042] : message - панельный
2017-08-01 12:17:57,145 - __main__ - INFO - 305 -  chat_id - [202439042] : message - 200
2017-08-01 12:18:00,944 - __main__ - INFO - 305 -  chat_id - [202439042] : message - 2000
2017-08-01 12:18:09,026 - __main__ - INFO - 305 -  chat_id - [202439042] : message - 81.1
2017-08-01 12:18:38,321 - __main__ - INFO - 305 -  chat_id - [202439042] : message - мкр. Коктем-2
2017-08-01 12:18:42,732 - __main__ - INFO - 305 -  chat_id - [202439042] : message - 4
2017-08-01 12:18:43,496 - __main__ - INFO - 352 -  chat_id - [202439042] : message - finished, predicted price - 29096955
2017-08-01 12:18:54,165 - __main__ - INFO - 319 -  chat_id - [202439042] : message - User's feedback = нормально
2017-08-01 12:19:21,261 - __main__ - INFO - 366 -  chat_id - [202439042] : message - №фыл
2017-08-01 12:19:26,973 - __main__ - INFO - 295 -  chat_id - [202439042] : Asking is started!
2017-08-01 12:19:31,741 - __main__ - INFO - 305 -  chat_id - [202439042] : message - 3
2017-08-01 12:19:35,746 - __main__ - INFO - 305 -  chat_id - [202439042] : message - кирпичный
2017-08-01 12:19:40,749 - __main__ - INFO - 305 -  chat_id - [202439042] : message - 2010
2017-08-01 12:19:46,280 - __main__ - INFO - 305 -  chat_id - [202439042] : message - 56
2017-08-01 12:19:55,282 - __main__ - INFO - 305 -  chat_id - [202439042] : message - мцуцукцук
2017-08-01 12:19:58,400 - __main__ - INFO - 305 -  chat_id - [202439042] : message - 5
2017-08-01 12:19:59,051 - __main__ - INFO - 352 -  chat_id - [202439042] : message - finished, predicted price - 18137384
2017-08-01 12:21:23,694 - __main__ - INFO - 319 -  chat_id - [202439042] : message - User's feedback = нормально
2017-08-02 05:48:24,967 - __main__ - INFO - 295 -  chat_id - [289574198] : Asking is started!
2017-08-02 05:48:28,305 - __main__ - INFO - 305 -  chat_id - [289574198] : message - /ask
2017-08-02 05:48:28,318 - __main__ - INFO - 305 -  chat_id - [289574198] : message - /ask
2017-08-02 05:48:36,385 - __main__ - INFO - 305 -  chat_id - [289574198] : message - /ask
2017-08-02 05:48:36,395 - __main__ - INFO - 305 -  chat_id - [289574198] : message - /ask
2017-08-02 05:48:36,421 - __main__ - INFO - 305 -  chat_id - [289574198] : message - /ask
2017-08-02 05:49:29,606 - __main__ - INFO - 305 -  chat_id - [289574198] : message - 2
2017-08-02 05:49:29,629 - __main__ - INFO - 305 -  chat_id - [289574198] : message - 2
2017-08-02 05:49:29,648 - __main__ - INFO - 305 -  chat_id - [289574198] : message - 2
2017-08-02 05:49:40,782 - __main__ - INFO - 305 -  chat_id - [289574198] : message - кирпичный
2017-08-02 05:49:40,803 - __main__ - INFO - 305 -  chat_id - [289574198] : message - кирпичный
2017-08-02 05:49:40,843 - __main__ - INFO - 305 -  chat_id - [289574198] : message - кирпичный
2017-08-02 05:58:46,841 - __main__ - INFO - 295 -  chat_id - [202439042] : Asking is started!
2017-08-02 05:58:49,213 - __main__ - INFO - 305 -  chat_id - [202439042] : message - 3
2017-08-02 05:58:51,166 - __main__ - INFO - 305 -  chat_id - [202439042] : message - кирпичный
2017-08-02 05:59:49,544 - __main__ - INFO - 305 -  chat_id - [202439042] : message - 2010
2017-08-02 05:59:52,851 - __main__ - INFO - 305 -  chat_id - [202439042] : message - 81.2
2017-08-02 06:00:04,388 - __main__ - INFO - 305 -  chat_id - [202439042] : message - мкр. Коктем-2
2017-08-02 06:00:06,194 - __main__ - INFO - 305 -  chat_id - [202439042] : message - 8
2017-08-02 06:00:07,011 - __main__ - INFO - 352 -  chat_id - [202439042] : message - finished, predicted price - 28111777
2017-08-02 06:00:10,930 - __main__ - INFO - 319 -  chat_id - [202439042] : message - User's feedback = нормально
